2025-01-29 15:42:52,408 - INFO - ===== Inicio de la ejecución del programa =====
2025-01-29 15:42:52,408 - INFO - Iniciando descarga del PDF desde la URL: https://www.sharedfilespro.com/shared-files/38/?10-page-sample.pdf&download=1
2025-01-29 15:42:52,975 - INFO - PDF descargado correctamente en 'archivo_descargado.pdf'.
2025-01-29 15:42:52,976 - INFO - Iniciando el proceso de envío de correo...
2025-01-29 15:42:52,976 - INFO - Preparando el correo con adjunto...
2025-01-29 15:42:52,982 - INFO - Archivo adjunto 'archivo_descargado.pdf' agregado correctamente.
2025-01-29 15:42:52,983 - INFO - Conectando al servidor SMTP (smtp.gmail.com:587)...
2025-01-29 15:42:54,166 - INFO - Iniciando sesión en el servidor SMTP...
2025-01-29 15:42:56,686 - INFO - Correo enviado exitosamente con adjunto.
2025-01-29 15:42:56,834 - INFO - ===== Fin de la ejecución del programa =====

2025-01-29 15:46:28,655 - INFO - ===== Inicio de la ejecución del programa =====
2025-01-29 15:46:28,656 - INFO - Iniciando descarga del PDF desde la URL: https://www.sharedfilespro.com/shared-files/38/?10-page-sample.pdf&download=1
2025-01-29 15:46:29,446 - INFO - PDF descargado correctamente en 'archivo_descargado.pdf'.
2025-01-29 15:46:29,446 - INFO - Iniciando el proceso de envío de correo...
2025-01-29 15:46:29,447 - INFO - Preparando el correo con adjunto...
2025-01-29 15:46:29,452 - INFO - Archivo adjunto 'archivo_descargado.pdf' agregado correctamente.
2025-01-29 15:46:29,453 - INFO - Conectando al servidor SMTP (smtp.gmail.com:587)...
2025-01-29 15:46:30,256 - INFO - Iniciando sesión en el servidor SMTP...
2025-01-29 15:46:32,685 - INFO - Correo enviado exitosamente con adjunto.
2025-01-29 15:46:32,685 - INFO - Correo enviado a los destinatarios: juan.artigas@gather.cl, benjamin.ramos@gather.cl
2025-01-29 15:46:32,830 - INFO - ===== Fin de la ejecución del programa =====

